<?xml version="1.0" encoding="UTF-8"?>
<testsuite xmlns:xsi="http://www.w3.org/2001/XMLSchema-instance" xsi:noNamespaceSchemaLocation="https://maven.apache.org/surefire/maven-surefire-plugin/xsd/surefire-test-report.xsd" version="3.0.2" name="com.rentyourstuff.appuserservice.AppuserserviceApplicationTests" time="13.765" tests="1" errors="0" skipped="0" failures="0">
  <properties>
[...]
</properties>
  <testcase name="contextLoads" classname="com.rentyourstuff.appuserservice.AppuserserviceApplicationTests" time="1.045">
    <system-out><![CDATA[02:20:58.501 [main] INFO org.springframework.test.context.support.AnnotationConfigContextLoaderUtils -- Could not detect default configuration classes for test class [com.rentyourstuff.appuserservice.AppuserserviceApplicationTests]: AppuserserviceApplicationTests does not declare any static, non-private, non-final, nested classes annotated with @Configuration.
02:20:58.706 [main] INFO org.springframework.boot.test.context.SpringBootTestContextBootstrapper -- Found @SpringBootConfiguration com.rentyourstuff.appuserservice.AppUserServiceApplication for test class com.rentyourstuff.appuserservice.AppuserserviceApplicationTests
02:20:59.022 [main] INFO org.springframework.boot.devtools.restart.RestartApplicationListener -- Restart disabled due to context in which it is running

  .   ____          _            __ _ _
 /\\ / ___'_ __ _ _(_)_ __  __ _ \ \ \ \
( ( )\___ | '_ | '_| | '_ \/ _` | \ \ \ \
 \\/  ___)| |_)| | | | | || (_| |  ) ) ) )
  '  |____| .__|_| |_|_| |_\__, | / / / /
 =========|_|==============|___/=/_/_/_/

 :: Spring Boot ::       (v3.4.1-SNAPSHOT)

2026-03-01T02:20:59.508+05:30  INFO 27384 --- [appuser-service] [           main] c.r.a.AppuserserviceApplicationTests     : Starting AppuserserviceApplicationTests using Java 17.0.12 with PID 27384 (started by Vishal Kumar in C:\MyProject\RentYourStuff\appuserservice)
2026-03-01T02:20:59.511+05:30  INFO 27384 --- [appuser-service] [           main] c.r.a.AppuserserviceApplicationTests     : No active profile set, falling back to 1 default profile: "default"
2026-03-01T02:21:01.328+05:30  INFO 27384 --- [appuser-service] [           main] .s.d.r.c.RepositoryConfigurationDelegate : Bootstrapping Spring Data JPA repositories in DEFAULT mode.
2026-03-01T02:21:01.424+05:30  INFO 27384 --- [appuser-service] [           main] .s.d.r.c.RepositoryConfigurationDelegate : Finished Spring Data repository scanning in 81 ms. Found 1 JPA repository interface.
2026-03-01T02:21:02.727+05:30  INFO 27384 --- [appuser-service] [           main] o.hibernate.jpa.internal.util.LogHelper  : HHH000204: Processing PersistenceUnitInfo [name: default]
2026-03-01T02:21:02.887+05:30  INFO 27384 --- [appuser-service] [           main] org.hibernate.Version                    : HHH000412: Hibernate ORM core version 6.6.4.Final
2026-03-01T02:21:02.968+05:30  INFO 27384 --- [appuser-service] [           main] o.h.c.internal.RegionFactoryInitiator    : HHH000026: Second-level cache disabled
2026-03-01T02:21:03.898+05:30  INFO 27384 --- [appuser-service] [           main] o.s.o.j.p.SpringPersistenceUnitInfo      : No LoadTimeWeaver setup: ignoring JPA class transformer
2026-03-01T02:21:04.174+05:30  INFO 27384 --- [appuser-service] [           main] com.zaxxer.hikari.HikariDataSource       : HikariPool-1 - Starting...
2026-03-01T02:21:04.642+05:30  INFO 27384 --- [appuser-service] [           main] com.zaxxer.hikari.pool.HikariPool        : HikariPool-1 - Added connection org.postgresql.jdbc.PgConnection@340b4f07
2026-03-01T02:21:04.645+05:30  INFO 27384 --- [appuser-service] [           main] com.zaxxer.hikari.HikariDataSource       : HikariPool-1 - Start completed.
2026-03-01T02:21:04.706+05:30  WARN 27384 --- [appuser-service] [           main] org.hibernate.orm.deprecation            : HHH90000025: PostgreSQLDialect does not need to be specified explicitly using 'hibernate.dialect' (remove the property setting and it will be selected by default)
2026-03-01T02:21:04.740+05:30  INFO 27384 --- [appuser-service] [           main] org.hibernate.orm.connections.pooling    : HHH10001005: Database info:
	Database JDBC URL [Connecting through datasource 'HikariDataSource (HikariPool-1)']
	Database driver: undefined/unknown
	Database version: 18.1
	Autocommit mode: undefined/unknown
	Isolation level: undefined/unknown
	Minimum pool size: undefined/unknown
	Maximum pool size: undefined/unknown
2026-03-01T02:21:06.845+05:30  INFO 27384 --- [appuser-service] [           main] o.h.e.t.j.p.i.JtaPlatformInitiator       : HHH000489: No JTA platform available (set 'hibernate.transaction.jta.platform' to enable JTA platform integration)
2026-03-01T02:21:06.958+05:30  INFO 27384 --- [appuser-service] [           main] j.LocalContainerEntityManagerFactoryBean : Initialized JPA EntityManagerFactory for persistence unit 'default'
2026-03-01T02:21:08.327+05:30  WARN 27384 --- [appuser-service] [           main] JpaBaseConfiguration$JpaWebConfiguration : spring.jpa.open-in-view is enabled by default. Therefore, database queries may be performed during view rendering. Explicitly configure spring.jpa.open-in-view to disable this warning
2026-03-01T02:21:10.188+05:30  INFO 27384 --- [appuser-service] [           main] o.s.b.a.e.web.EndpointLinksResolver      : Exposing 1 endpoint beneath base path '/actuator'
2026-03-01T02:21:10.778+05:30  INFO 27384 --- [appuser-service] [           main] c.r.a.AppuserserviceApplicationTests     : Started AppuserserviceApplicationTests in 11.779 seconds (process running for 13.65)
]]></system-out>
  </testcase>
</testsuite>